<?xml version="1.0" encoding="UTF-8"?>
<!-- Generated by org.testng.reporters.JUnitReportReporter -->
<testsuite hostname="pti-notebook02365" failures="0" tests="1" name="com.homework8.AppTest" time="0.005" errors="0" timestamp="27 Dec 2023 06:44:01 GMT" skipped="0">
  <testcase classname="com.homework8.AppTest" name="testApp" time="0.005"/>
</testsuite> <!-- com.homework8.AppTest -->
